Thread 6.00 starting...
Thread 4.00 starting...
Thread 7.00 starting...
Number of threads = 8.00
Thread 0.00 starting...
Thread 5.00 starting...
Thread 1.00 starting...
Thread 2.00 starting...
Thread 3.00 starting...
0.210985 
EL resultado de la suma se ha guardado con exito en el archivo.
Thread 5 starting...
Thread 7 starting...
Thread 1 starting...
Thread 2 starting...
Thread 3 starting...
Thread 6 starting...
Thread 4 starting...
Number of threads = 8
Thread 0 starting...
15.727820 
El resultado de la multiplicacion de las matrices se ha realizado con exito en el archivo.
